[32m2025-10-30 23:22:54 -0600[0m - dagster - [34mDEBUG[0m - __ASSET_JOB - 8bb5c488-f946-4e42-b0ab-0699d2f9f93d - 83428 - LOGS_CAPTURED - Started capturing logs in process (pid: 83428).
[32m2025-10-30 23:22:54 -0600[0m - dagster - [34mDEBUG[0m - __ASSET_JOB - 8bb5c488-f946-4e42-b0ab-0699d2f9f93d - 83428 - koltin - STEP_START - Started execution of step "koltin".
[32m2025-10-30 23:22:55 -0600[0m - dagster - [34mINFO[0m - __ASSET_JOB - 8bb5c488-f946-4e42-b0ab-0699d2f9f93d - koltin - A dbt subsetted execution is not being performed. Using the default dbt selection arguments `['--select', 'fqn:*']`.
/Users/oscar/build/koltin-challenge/koltin-challenge/.venv/lib/python3.9/site-packages/snowflake/connector/vendored/urllib3/__init__.py:35: NotOpenSSLWarning: urllib3 v2 only supports OpenSSL 1.1.1+, currently the 'ssl' module is compiled with 'LibreSSL 2.8.3'. See: https://github.com/urllib3/urllib3/issues/3020
  warnings.warn(
/Users/oscar/build/koltin-challenge/koltin-challenge/.venv/lib/python3.9/site-packages/snowflake/connector/vendored/urllib3/__init__.py:35: NotOpenSSLWarning: urllib3 v2 only supports OpenSSL 1.1.1+, currently the 'ssl' module is compiled with 'LibreSSL 2.8.3'. See: https://github.com/urllib3/urllib3/issues/3020
  warnings.warn(
[32m2025-10-30 23:22:57 -0600[0m - dagster - [34mINFO[0m - __ASSET_JOB - 8bb5c488-f946-4e42-b0ab-0699d2f9f93d - koltin - Copying `/Users/oscar/build/koltin-challenge/koltin-challenge/dbt/koltin/target/partial_parse.msgpack` to `/Users/oscar/build/koltin-challenge/koltin-challenge/dbt/koltin/target/koltin-8bb5c48-359af06/partial_parse.msgpack` to take advantage of partial parsing.
[32m2025-10-30 23:22:57 -0600[0m - dagster - [34mINFO[0m - __ASSET_JOB - 8bb5c488-f946-4e42-b0ab-0699d2f9f93d - koltin - Running dbt command: `dbt build --select fqn:*`.
[32m2025-10-30 23:23:03 -0600[0m - dagster - [34mDEBUG[0m - __ASSET_JOB - 8bb5c488-f946-4e42-b0ab-0699d2f9f93d - 83428 - koltin - STEP_OUTPUT - Yielded output "bronze_customer_certificate_terms" of type "Nothing". (Type check passed).
[32m2025-10-30 23:23:03 -0600[0m - dagster - [34mDEBUG[0m - __ASSET_JOB - 8bb5c488-f946-4e42-b0ab-0699d2f9f93d - 83428 - koltin - ASSET_MATERIALIZATION - Materialized value bronze_customer_certificate_terms.
[32m2025-10-30 23:23:05 -0600[0m - dagster - [34mDEBUG[0m - __ASSET_JOB - 8bb5c488-f946-4e42-b0ab-0699d2f9f93d - 83428 - koltin - STEP_OUTPUT - Yielded output "bronze_customer_certificate_terms_not_null_bronze_customer_certificate_terms_id" of type "Any". (Type check passed).
[32m2025-10-30 23:23:05 -0600[0m - dagster - [34mDEBUG[0m - __ASSET_JOB - 8bb5c488-f946-4e42-b0ab-0699d2f9f93d - 83428 - koltin - ASSET_CHECK_EVALUATION - Asset check 'not_null_bronze_customer_certificate_terms_id' on 'bronze_customer_certificate_terms' passed.
[32m2025-10-30 23:23:05 -0600[0m - dagster - [34mDEBUG[0m - __ASSET_JOB - 8bb5c488-f946-4e42-b0ab-0699d2f9f93d - 83428 - koltin - STEP_OUTPUT - Yielded output "bronze_customer_certificate_terms_unique_bronze_customer_certificate_terms_id" of type "Any". (Type check passed).
[32m2025-10-30 23:23:05 -0600[0m - dagster - [34mDEBUG[0m - __ASSET_JOB - 8bb5c488-f946-4e42-b0ab-0699d2f9f93d - 83428 - koltin - ASSET_CHECK_EVALUATION - Asset check 'unique_bronze_customer_certificate_terms_id' on 'bronze_customer_certificate_terms' passed.
[32m2025-10-30 23:23:06 -0600[0m - dagster - [34mDEBUG[0m - __ASSET_JOB - 8bb5c488-f946-4e42-b0ab-0699d2f9f93d - 83428 - koltin - STEP_OUTPUT - Yielded output "bronze_customer_claims" of type "Nothing". (Type check passed).
[32m2025-10-30 23:23:06 -0600[0m - dagster - [34mDEBUG[0m - __ASSET_JOB - 8bb5c488-f946-4e42-b0ab-0699d2f9f93d - 83428 - koltin - ASSET_MATERIALIZATION - Materialized value bronze_customer_claims.
[32m2025-10-30 23:23:06 -0600[0m - dagster - [34mDEBUG[0m - __ASSET_JOB - 8bb5c488-f946-4e42-b0ab-0699d2f9f93d - 83428 - koltin - STEP_OUTPUT - Yielded output "bronze_customer_certificates" of type "Nothing". (Type check passed).
[32m2025-10-30 23:23:06 -0600[0m - dagster - [34mDEBUG[0m - __ASSET_JOB - 8bb5c488-f946-4e42-b0ab-0699d2f9f93d - 83428 - koltin - ASSET_MATERIALIZATION - Materialized value bronze_customer_certificates.
[32m2025-10-30 23:23:06 -0600[0m - dagster - [34mDEBUG[0m - __ASSET_JOB - 8bb5c488-f946-4e42-b0ab-0699d2f9f93d - 83428 - koltin - STEP_OUTPUT - Yielded output "bronze_medical_pathologies" of type "Nothing". (Type check passed).
[32m2025-10-30 23:23:06 -0600[0m - dagster - [34mDEBUG[0m - __ASSET_JOB - 8bb5c488-f946-4e42-b0ab-0699d2f9f93d - 83428 - koltin - ASSET_MATERIALIZATION - Materialized value bronze_medical_pathologies.
[32m2025-10-30 23:23:06 -0600[0m - dagster - [34mDEBUG[0m - __ASSET_JOB - 8bb5c488-f946-4e42-b0ab-0699d2f9f93d - 83428 - koltin - STEP_OUTPUT - Yielded output "bronze_medical_consultations" of type "Nothing". (Type check passed).
[32m2025-10-30 23:23:06 -0600[0m - dagster - [34mDEBUG[0m - __ASSET_JOB - 8bb5c488-f946-4e42-b0ab-0699d2f9f93d - 83428 - koltin - ASSET_MATERIALIZATION - Materialized value bronze_medical_consultations.
[32m2025-10-30 23:23:06 -0600[0m - dagster - [34mDEBUG[0m - __ASSET_JOB - 8bb5c488-f946-4e42-b0ab-0699d2f9f93d - 83428 - koltin - STEP_OUTPUT - Yielded output "silver_customer_certificate_terms" of type "Nothing". (Type check passed).
[32m2025-10-30 23:23:06 -0600[0m - dagster - [34mDEBUG[0m - __ASSET_JOB - 8bb5c488-f946-4e42-b0ab-0699d2f9f93d - 83428 - koltin - ASSET_MATERIALIZATION - Materialized value silver_customer_certificate_terms.
[32m2025-10-30 23:23:06 -0600[0m - dagster - [34mDEBUG[0m - __ASSET_JOB - 8bb5c488-f946-4e42-b0ab-0699d2f9f93d - 83428 - koltin - STEP_OUTPUT - Yielded output "bronze_customer_certificates_unique_bronze_customer_certificates_certificate_number" of type "Any". (Type check passed).
[32m2025-10-30 23:23:06 -0600[0m - dagster - [34mDEBUG[0m - __ASSET_JOB - 8bb5c488-f946-4e42-b0ab-0699d2f9f93d - 83428 - koltin - ASSET_CHECK_EVALUATION - Asset check 'unique_bronze_customer_certificates_certificate_number' on 'bronze_customer_certificates' passed.
[32m2025-10-30 23:23:06 -0600[0m - dagster - [34mDEBUG[0m - __ASSET_JOB - 8bb5c488-f946-4e42-b0ab-0699d2f9f93d - 83428 - koltin - STEP_OUTPUT - Yielded output "bronze_customer_claims_unique_bronze_customer_claims_claim_id" of type "Any". (Type check passed).
[32m2025-10-30 23:23:06 -0600[0m - dagster - [34mDEBUG[0m - __ASSET_JOB - 8bb5c488-f946-4e42-b0ab-0699d2f9f93d - 83428 - koltin - ASSET_CHECK_EVALUATION - Asset check 'unique_bronze_customer_claims_claim_id' on 'bronze_customer_claims' passed.
[32m2025-10-30 23:23:06 -0600[0m - dagster - [34mDEBUG[0m - __ASSET_JOB - 8bb5c488-f946-4e42-b0ab-0699d2f9f93d - 83428 - koltin - STEP_OUTPUT - Yielded output "bronze_customer_claims_not_null_bronze_customer_claims_claim_id" of type "Any". (Type check passed).
[32m2025-10-30 23:23:06 -0600[0m - dagster - [34mDEBUG[0m - __ASSET_JOB - 8bb5c488-f946-4e42-b0ab-0699d2f9f93d - 83428 - koltin - ASSET_CHECK_EVALUATION - Asset check 'not_null_bronze_customer_claims_claim_id' on 'bronze_customer_claims' passed.
[32m2025-10-30 23:23:07 -0600[0m - dagster - [34mDEBUG[0m - __ASSET_JOB - 8bb5c488-f946-4e42-b0ab-0699d2f9f93d - 83428 - koltin - STEP_OUTPUT - Yielded output "bronze_medical_consultations_unique_bronze_medical_consultations_id" of type "Any". (Type check passed).
[32m2025-10-30 23:23:07 -0600[0m - dagster - [34mDEBUG[0m - __ASSET_JOB - 8bb5c488-f946-4e42-b0ab-0699d2f9f93d - 83428 - koltin - ASSET_CHECK_EVALUATION - Asset check 'unique_bronze_medical_consultations_id' on 'bronze_medical_consultations' passed.
[32m2025-10-30 23:23:07 -0600[0m - dagster - [34mDEBUG[0m - __ASSET_JOB - 8bb5c488-f946-4e42-b0ab-0699d2f9f93d - 83428 - koltin - STEP_OUTPUT - Yielded output "bronze_medical_pathologies_not_null_bronze_medical_pathologies_code" of type "Any". (Type check passed).
[32m2025-10-30 23:23:07 -0600[0m - dagster - [34mDEBUG[0m - __ASSET_JOB - 8bb5c488-f946-4e42-b0ab-0699d2f9f93d - 83428 - koltin - ASSET_CHECK_EVALUATION - Asset check 'not_null_bronze_medical_pathologies_code' on 'bronze_medical_pathologies' passed.
[32m2025-10-30 23:23:07 -0600[0m - dagster - [34mDEBUG[0m - __ASSET_JOB - 8bb5c488-f946-4e42-b0ab-0699d2f9f93d - 83428 - koltin - STEP_OUTPUT - Yielded output "silver_customer_certificate_terms_not_null_silver_customer_certificate_terms_start_date" of type "Any". (Type check passed).
[32m2025-10-30 23:23:07 -0600[0m - dagster - [34mDEBUG[0m - __ASSET_JOB - 8bb5c488-f946-4e42-b0ab-0699d2f9f93d - 83428 - koltin - ASSET_CHECK_EVALUATION - Asset check 'not_null_silver_customer_certificate_terms_start_date' on 'silver_customer_certificate_terms' passed.
[32m2025-10-30 23:23:07 -0600[0m - dagster - [34mDEBUG[0m - __ASSET_JOB - 8bb5c488-f946-4e42-b0ab-0699d2f9f93d - 83428 - koltin - STEP_OUTPUT - Yielded output "silver_customer_certificate_terms_not_null_silver_customer_certificate_terms_id" of type "Any". (Type check passed).
[32m2025-10-30 23:23:07 -0600[0m - dagster - [34mDEBUG[0m - __ASSET_JOB - 8bb5c488-f946-4e42-b0ab-0699d2f9f93d - 83428 - koltin - ASSET_CHECK_EVALUATION - Asset check 'not_null_silver_customer_certificate_terms_id' on 'silver_customer_certificate_terms' passed.
[32m2025-10-30 23:23:07 -0600[0m - dagster - [34mDEBUG[0m - __ASSET_JOB - 8bb5c488-f946-4e42-b0ab-0699d2f9f93d - 83428 - koltin - STEP_OUTPUT - Yielded output "silver_customer_certificate_terms_not_null_silver_customer_certificate_terms_end_date" of type "Any". (Type check passed).
[32m2025-10-30 23:23:07 -0600[0m - dagster - [34mDEBUG[0m - __ASSET_JOB - 8bb5c488-f946-4e42-b0ab-0699d2f9f93d - 83428 - koltin - ASSET_CHECK_EVALUATION - Asset check 'not_null_silver_customer_certificate_terms_end_date' on 'silver_customer_certificate_terms' passed.
[32m2025-10-30 23:23:07 -0600[0m - dagster - [34mDEBUG[0m - __ASSET_JOB - 8bb5c488-f946-4e42-b0ab-0699d2f9f93d - 83428 - koltin - STEP_OUTPUT - Yielded output "silver_customer_certificate_terms_unique_silver_customer_certificate_terms_id" of type "Any". (Type check passed).
[32m2025-10-30 23:23:07 -0600[0m - dagster - [34mDEBUG[0m - __ASSET_JOB - 8bb5c488-f946-4e42-b0ab-0699d2f9f93d - 83428 - koltin - ASSET_CHECK_EVALUATION - Asset check 'unique_silver_customer_certificate_terms_id' on 'silver_customer_certificate_terms' passed.
[32m2025-10-30 23:23:07 -0600[0m - dagster - [34mDEBUG[0m - __ASSET_JOB - 8bb5c488-f946-4e42-b0ab-0699d2f9f93d - 83428 - koltin - STEP_OUTPUT - Yielded output "silver_customer_certificate_terms_not_null_silver_customer_certificate_terms_base_id" of type "Any". (Type check passed).
[32m2025-10-30 23:23:07 -0600[0m - dagster - [34mDEBUG[0m - __ASSET_JOB - 8bb5c488-f946-4e42-b0ab-0699d2f9f93d - 83428 - koltin - ASSET_CHECK_EVALUATION - Asset check 'not_null_silver_customer_certificate_terms_base_id' on 'silver_customer_certificate_terms' passed.
[32m2025-10-30 23:23:07 -0600[0m - dagster - [34mDEBUG[0m - __ASSET_JOB - 8bb5c488-f946-4e42-b0ab-0699d2f9f93d - 83428 - koltin - STEP_OUTPUT - Yielded output "bronze_customer_certificates_not_null_bronze_customer_certificates_certificate_number" of type "Any". (Type check passed).
[32m2025-10-30 23:23:07 -0600[0m - dagster - [34mDEBUG[0m - __ASSET_JOB - 8bb5c488-f946-4e42-b0ab-0699d2f9f93d - 83428 - koltin - ASSET_CHECK_EVALUATION - Asset check 'not_null_bronze_customer_certificates_certificate_number' on 'bronze_customer_certificates' passed.
[32m2025-10-30 23:23:07 -0600[0m - dagster - [34mDEBUG[0m - __ASSET_JOB - 8bb5c488-f946-4e42-b0ab-0699d2f9f93d - 83428 - koltin - STEP_OUTPUT - Yielded output "bronze_customer_certificates_unique_bronze_customer_certificates_id" of type "Any". (Type check passed).
[32m2025-10-30 23:23:07 -0600[0m - dagster - [34mDEBUG[0m - __ASSET_JOB - 8bb5c488-f946-4e42-b0ab-0699d2f9f93d - 83428 - koltin - ASSET_CHECK_EVALUATION - Asset check 'unique_bronze_customer_certificates_id' on 'bronze_customer_certificates' passed.
[32m2025-10-30 23:23:07 -0600[0m - dagster - [34mDEBUG[0m - __ASSET_JOB - 8bb5c488-f946-4e42-b0ab-0699d2f9f93d - 83428 - koltin - STEP_OUTPUT - Yielded output "bronze_medical_pathologies_unique_bronze_medical_pathologies_code" of type "Any". (Type check passed).
[32m2025-10-30 23:23:07 -0600[0m - dagster - [34mDEBUG[0m - __ASSET_JOB - 8bb5c488-f946-4e42-b0ab-0699d2f9f93d - 83428 - koltin - ASSET_CHECK_EVALUATION - Asset check 'unique_bronze_medical_pathologies_code' on 'bronze_medical_pathologies' passed.
[32m2025-10-30 23:23:07 -0600[0m - dagster - [34mDEBUG[0m - __ASSET_JOB - 8bb5c488-f946-4e42-b0ab-0699d2f9f93d - 83428 - koltin - STEP_OUTPUT - Yielded output "bronze_customer_certificates_not_null_bronze_customer_certificates_id" of type "Any". (Type check passed).
[32m2025-10-30 23:23:07 -0600[0m - dagster - [34mDEBUG[0m - __ASSET_JOB - 8bb5c488-f946-4e42-b0ab-0699d2f9f93d - 83428 - koltin - ASSET_CHECK_EVALUATION - Asset check 'not_null_bronze_customer_certificates_id' on 'bronze_customer_certificates' passed.
[32m2025-10-30 23:23:07 -0600[0m - dagster - [34mDEBUG[0m - __ASSET_JOB - 8bb5c488-f946-4e42-b0ab-0699d2f9f93d - 83428 - koltin - STEP_OUTPUT - Yielded output "bronze_customer_certificates_accepted_values_bronze_customer_certificates_gender__M__F" of type "Any". (Type check passed).
[32m2025-10-30 23:23:07 -0600[0m - dagster - [34mDEBUG[0m - __ASSET_JOB - 8bb5c488-f946-4e42-b0ab-0699d2f9f93d - 83428 - koltin - ASSET_CHECK_EVALUATION - Asset check 'accepted_values_bronze_customer_certificates_gender__M__F' on 'bronze_customer_certificates' passed.
[32m2025-10-30 23:23:07 -0600[0m - dagster - [34mDEBUG[0m - __ASSET_JOB - 8bb5c488-f946-4e42-b0ab-0699d2f9f93d - 83428 - koltin - STEP_OUTPUT - Yielded output "bronze_medical_consultations_not_null_bronze_medical_consultations_id" of type "Any". (Type check passed).
[32m2025-10-30 23:23:07 -0600[0m - dagster - [34mDEBUG[0m - __ASSET_JOB - 8bb5c488-f946-4e42-b0ab-0699d2f9f93d - 83428 - koltin - ASSET_CHECK_EVALUATION - Asset check 'not_null_bronze_medical_consultations_id' on 'bronze_medical_consultations' passed.
[32m2025-10-30 23:23:07 -0600[0m - dagster - [34mDEBUG[0m - __ASSET_JOB - 8bb5c488-f946-4e42-b0ab-0699d2f9f93d - 83428 - koltin - STEP_OUTPUT - Yielded output "silver_customer_claims" of type "Nothing". (Type check passed).
[32m2025-10-30 23:23:07 -0600[0m - dagster - [34mDEBUG[0m - __ASSET_JOB - 8bb5c488-f946-4e42-b0ab-0699d2f9f93d - 83428 - koltin - ASSET_MATERIALIZATION - Materialized value silver_customer_claims.
[32m2025-10-30 23:23:07 -0600[0m - dagster - [34mDEBUG[0m - __ASSET_JOB - 8bb5c488-f946-4e42-b0ab-0699d2f9f93d - 83428 - koltin - STEP_OUTPUT - Yielded output "silver_customer_claims_not_null_silver_customer_claims_claim_id" of type "Any". (Type check passed).
[32m2025-10-30 23:23:07 -0600[0m - dagster - [34mDEBUG[0m - __ASSET_JOB - 8bb5c488-f946-4e42-b0ab-0699d2f9f93d - 83428 - koltin - ASSET_CHECK_EVALUATION - Asset check 'not_null_silver_customer_claims_claim_id' on 'silver_customer_claims' passed.
[32m2025-10-30 23:23:07 -0600[0m - dagster - [34mDEBUG[0m - __ASSET_JOB - 8bb5c488-f946-4e42-b0ab-0699d2f9f93d - 83428 - koltin - STEP_OUTPUT - Yielded output "silver_customer_certificates" of type "Nothing". (Type check passed).
[32m2025-10-30 23:23:08 -0600[0m - dagster - [34mDEBUG[0m - __ASSET_JOB - 8bb5c488-f946-4e42-b0ab-0699d2f9f93d - 83428 - koltin - ASSET_MATERIALIZATION - Materialized value silver_customer_certificates.
[32m2025-10-30 23:23:08 -0600[0m - dagster - [34mDEBUG[0m - __ASSET_JOB - 8bb5c488-f946-4e42-b0ab-0699d2f9f93d - 83428 - koltin - STEP_OUTPUT - Yielded output "silver_medical_pathologies" of type "Nothing". (Type check passed).
[32m2025-10-30 23:23:08 -0600[0m - dagster - [34mDEBUG[0m - __ASSET_JOB - 8bb5c488-f946-4e42-b0ab-0699d2f9f93d - 83428 - koltin - ASSET_MATERIALIZATION - Materialized value silver_medical_pathologies.
[32m2025-10-30 23:23:08 -0600[0m - dagster - [34mDEBUG[0m - __ASSET_JOB - 8bb5c488-f946-4e42-b0ab-0699d2f9f93d - 83428 - koltin - STEP_OUTPUT - Yielded output "silver_customer_certificates_not_null_silver_customer_certificates_full_name" of type "Any". (Type check passed).
[32m2025-10-30 23:23:08 -0600[0m - dagster - [34mDEBUG[0m - __ASSET_JOB - 8bb5c488-f946-4e42-b0ab-0699d2f9f93d - 83428 - koltin - ASSET_CHECK_EVALUATION - Asset check 'not_null_silver_customer_certificates_full_name' on 'silver_customer_certificates' passed.
[32m2025-10-30 23:23:08 -0600[0m - dagster - [34mDEBUG[0m - __ASSET_JOB - 8bb5c488-f946-4e42-b0ab-0699d2f9f93d - 83428 - koltin - STEP_OUTPUT - Yielded output "silver_customer_certificates_unique_silver_customer_certificates_certificate_number" of type "Any". (Type check passed).
[32m2025-10-30 23:23:08 -0600[0m - dagster - [34mDEBUG[0m - __ASSET_JOB - 8bb5c488-f946-4e42-b0ab-0699d2f9f93d - 83428 - koltin - ASSET_CHECK_EVALUATION - Asset check 'unique_silver_customer_certificates_certificate_number' on 'silver_customer_certificates' passed.
[32m2025-10-30 23:23:08 -0600[0m - dagster - [34mDEBUG[0m - __ASSET_JOB - 8bb5c488-f946-4e42-b0ab-0699d2f9f93d - 83428 - koltin - STEP_OUTPUT - Yielded output "silver_customer_certificates_not_null_silver_customer_certificates_certificate_number" of type "Any". (Type check passed).
[32m2025-10-30 23:23:08 -0600[0m - dagster - [34mDEBUG[0m - __ASSET_JOB - 8bb5c488-f946-4e42-b0ab-0699d2f9f93d - 83428 - koltin - ASSET_CHECK_EVALUATION - Asset check 'not_null_silver_customer_certificates_certificate_number' on 'silver_customer_certificates' passed.
[32m2025-10-30 23:23:08 -0600[0m - dagster - [34mDEBUG[0m - __ASSET_JOB - 8bb5c488-f946-4e42-b0ab-0699d2f9f93d - 83428 - koltin - STEP_OUTPUT - Yielded output "silver_customer_claims_unique_silver_customer_claims_claim_id" of type "Any". (Type check passed).
[32m2025-10-30 23:23:08 -0600[0m - dagster - [34mDEBUG[0m - __ASSET_JOB - 8bb5c488-f946-4e42-b0ab-0699d2f9f93d - 83428 - koltin - ASSET_CHECK_EVALUATION - Asset check 'unique_silver_customer_claims_claim_id' on 'silver_customer_claims' passed.
[32m2025-10-30 23:23:08 -0600[0m - dagster - [34mDEBUG[0m - __ASSET_JOB - 8bb5c488-f946-4e42-b0ab-0699d2f9f93d - 83428 - koltin - STEP_OUTPUT - Yielded output "silver_customer_certificates_unique_silver_customer_certificates_base_id" of type "Any". (Type check passed).
[32m2025-10-30 23:23:08 -0600[0m - dagster - [34mDEBUG[0m - __ASSET_JOB - 8bb5c488-f946-4e42-b0ab-0699d2f9f93d - 83428 - koltin - ASSET_CHECK_EVALUATION - Asset check 'unique_silver_customer_certificates_base_id' on 'silver_customer_certificates' passed.
[32m2025-10-30 23:23:08 -0600[0m - dagster - [34mDEBUG[0m - __ASSET_JOB - 8bb5c488-f946-4e42-b0ab-0699d2f9f93d - 83428 - koltin - STEP_OUTPUT - Yielded output "silver_medical_pathologies_not_null_silver_medical_pathologies_cie10_code" of type "Any". (Type check passed).
[32m2025-10-30 23:23:08 -0600[0m - dagster - [34mDEBUG[0m - __ASSET_JOB - 8bb5c488-f946-4e42-b0ab-0699d2f9f93d - 83428 - koltin - ASSET_CHECK_EVALUATION - Asset check 'not_null_silver_medical_pathologies_cie10_code' on 'silver_medical_pathologies' passed.
[32m2025-10-30 23:23:08 -0600[0m - dagster - [34mDEBUG[0m - __ASSET_JOB - 8bb5c488-f946-4e42-b0ab-0699d2f9f93d - 83428 - koltin - STEP_OUTPUT - Yielded output "silver_medical_pathologies_not_null_silver_medical_pathologies_pathology_id" of type "Any". (Type check passed).
[32m2025-10-30 23:23:08 -0600[0m - dagster - [34mDEBUG[0m - __ASSET_JOB - 8bb5c488-f946-4e42-b0ab-0699d2f9f93d - 83428 - koltin - ASSET_CHECK_EVALUATION - Asset check 'not_null_silver_medical_pathologies_pathology_id' on 'silver_medical_pathologies' passed.
[32m2025-10-30 23:23:08 -0600[0m - dagster - [34mDEBUG[0m - __ASSET_JOB - 8bb5c488-f946-4e42-b0ab-0699d2f9f93d - 83428 - koltin - STEP_OUTPUT - Yielded output "silver_medical_pathologies_not_null_silver_medical_pathologies_pathology_name" of type "Any". (Type check passed).
[32m2025-10-30 23:23:08 -0600[0m - dagster - [34mDEBUG[0m - __ASSET_JOB - 8bb5c488-f946-4e42-b0ab-0699d2f9f93d - 83428 - koltin - ASSET_CHECK_EVALUATION - Asset check 'not_null_silver_medical_pathologies_pathology_name' on 'silver_medical_pathologies' passed.
[32m2025-10-30 23:23:08 -0600[0m - dagster - [34mDEBUG[0m - __ASSET_JOB - 8bb5c488-f946-4e42-b0ab-0699d2f9f93d - 83428 - koltin - STEP_OUTPUT - Yielded output "silver_medical_pathologies_unique_silver_medical_pathologies_pathology_id" of type "Any". (Type check passed).
[32m2025-10-30 23:23:08 -0600[0m - dagster - [34mDEBUG[0m - __ASSET_JOB - 8bb5c488-f946-4e42-b0ab-0699d2f9f93d - 83428 - koltin - ASSET_CHECK_EVALUATION - Asset check 'unique_silver_medical_pathologies_pathology_id' on 'silver_medical_pathologies' passed.
[32m2025-10-30 23:23:08 -0600[0m - dagster - [34mDEBUG[0m - __ASSET_JOB - 8bb5c488-f946-4e42-b0ab-0699d2f9f93d - 83428 - koltin - STEP_OUTPUT - Yielded output "silver_customer_certificates_not_null_silver_customer_certificates_base_id" of type "Any". (Type check passed).
[32m2025-10-30 23:23:08 -0600[0m - dagster - [34mDEBUG[0m - __ASSET_JOB - 8bb5c488-f946-4e42-b0ab-0699d2f9f93d - 83428 - koltin - ASSET_CHECK_EVALUATION - Asset check 'not_null_silver_customer_certificates_base_id' on 'silver_customer_certificates' passed.
[32m2025-10-30 23:23:08 -0600[0m - dagster - [34mDEBUG[0m - __ASSET_JOB - 8bb5c488-f946-4e42-b0ab-0699d2f9f93d - 83428 - koltin - STEP_OUTPUT - Yielded output "silver_customer_claims_relationships_silver_customer_claims_certificate_number__certificate_number__ref_silver_customer_certificates_" of type "Any". (Type check passed).
[32m2025-10-30 23:23:08 -0600[0m - dagster - [34mDEBUG[0m - __ASSET_JOB - 8bb5c488-f946-4e42-b0ab-0699d2f9f93d - 83428 - koltin - ASSET_CHECK_EVALUATION - Asset check 'relationships_silver_customer_claims_certificate_number__certificate_number__ref_silver_customer_certificates_' on 'silver_customer_claims' passed.
[32m2025-10-30 23:23:09 -0600[0m - dagster - [34mDEBUG[0m - __ASSET_JOB - 8bb5c488-f946-4e42-b0ab-0699d2f9f93d - 83428 - koltin - STEP_OUTPUT - Yielded output "silver_medical_consultations" of type "Nothing". (Type check passed).
[32m2025-10-30 23:23:09 -0600[0m - dagster - [34mDEBUG[0m - __ASSET_JOB - 8bb5c488-f946-4e42-b0ab-0699d2f9f93d - 83428 - koltin - ASSET_MATERIALIZATION - Materialized value silver_medical_consultations.
[32m2025-10-30 23:23:10 -0600[0m - dagster - [34mDEBUG[0m - __ASSET_JOB - 8bb5c488-f946-4e42-b0ab-0699d2f9f93d - 83428 - koltin - STEP_OUTPUT - Yielded output "silver_medical_consultations_not_null_silver_medical_consultations_id" of type "Any". (Type check passed).
[32m2025-10-30 23:23:10 -0600[0m - dagster - [34mDEBUG[0m - __ASSET_JOB - 8bb5c488-f946-4e42-b0ab-0699d2f9f93d - 83428 - koltin - ASSET_CHECK_EVALUATION - Asset check 'not_null_silver_medical_consultations_id' on 'silver_medical_consultations' passed.
[32m2025-10-30 23:23:10 -0600[0m - dagster - [34mDEBUG[0m - __ASSET_JOB - 8bb5c488-f946-4e42-b0ab-0699d2f9f93d - 83428 - koltin - STEP_OUTPUT - Yielded output "silver_medical_consultations_unique_silver_medical_consultations_id" of type "Any". (Type check passed).
[32m2025-10-30 23:23:10 -0600[0m - dagster - [34mDEBUG[0m - __ASSET_JOB - 8bb5c488-f946-4e42-b0ab-0699d2f9f93d - 83428 - koltin - ASSET_CHECK_EVALUATION - Asset check 'unique_silver_medical_consultations_id' on 'silver_medical_consultations' passed.
[32m2025-10-30 23:23:10 -0600[0m - dagster - [34mDEBUG[0m - __ASSET_JOB - 8bb5c488-f946-4e42-b0ab-0699d2f9f93d - 83428 - koltin - STEP_OUTPUT - Yielded output "silver_medical_consultations_not_null_silver_medical_consultations_consultation_date" of type "Any". (Type check passed).
[32m2025-10-30 23:23:10 -0600[0m - dagster - [34mDEBUG[0m - __ASSET_JOB - 8bb5c488-f946-4e42-b0ab-0699d2f9f93d - 83428 - koltin - ASSET_CHECK_EVALUATION - Asset check 'not_null_silver_medical_consultations_consultation_date' on 'silver_medical_consultations' passed.
[32m2025-10-30 23:23:10 -0600[0m - dagster - [34mDEBUG[0m - __ASSET_JOB - 8bb5c488-f946-4e42-b0ab-0699d2f9f93d - 83428 - koltin - STEP_OUTPUT - Yielded output "silver_medical_consultations_not_null_silver_medical_consultations_base_id" of type "Any". (Type check passed).
[32m2025-10-30 23:23:10 -0600[0m - dagster - [34mDEBUG[0m - __ASSET_JOB - 8bb5c488-f946-4e42-b0ab-0699d2f9f93d - 83428 - koltin - ASSET_CHECK_EVALUATION - Asset check 'not_null_silver_medical_consultations_base_id' on 'silver_medical_consultations' passed.
[32m2025-10-30 23:23:10 -0600[0m - dagster - [34mDEBUG[0m - __ASSET_JOB - 8bb5c488-f946-4e42-b0ab-0699d2f9f93d - 83428 - koltin - STEP_OUTPUT - Yielded output "silver_medical_consultations_relationships_silver_medical_consultations_base_id__base_id__ref_silver_customer_certificates_" of type "Any". (Type check passed).
[32m2025-10-30 23:23:10 -0600[0m - dagster - [34mDEBUG[0m - __ASSET_JOB - 8bb5c488-f946-4e42-b0ab-0699d2f9f93d - 83428 - koltin - ASSET_CHECK_EVALUATION - Asset check 'relationships_silver_medical_consultations_base_id__base_id__ref_silver_customer_certificates_' on 'silver_medical_consultations' passed.
[32m2025-10-30 23:23:11 -0600[0m - dagster - [34mDEBUG[0m - __ASSET_JOB - 8bb5c488-f946-4e42-b0ab-0699d2f9f93d - 83428 - koltin - STEP_OUTPUT - Yielded output "gold_clinical_interactions" of type "Nothing". (Type check passed).
[32m2025-10-30 23:23:11 -0600[0m - dagster - [34mDEBUG[0m - __ASSET_JOB - 8bb5c488-f946-4e42-b0ab-0699d2f9f93d - 83428 - koltin - ASSET_MATERIALIZATION - Materialized value gold_clinical_interactions.
[32m2025-10-30 23:23:11 -0600[0m - dagster - [34mDEBUG[0m - __ASSET_JOB - 8bb5c488-f946-4e42-b0ab-0699d2f9f93d - 83428 - koltin - STEP_OUTPUT - Yielded output "gold_customer_statistics" of type "Nothing". (Type check passed).
[32m2025-10-30 23:23:11 -0600[0m - dagster - [34mDEBUG[0m - __ASSET_JOB - 8bb5c488-f946-4e42-b0ab-0699d2f9f93d - 83428 - koltin - ASSET_MATERIALIZATION - Materialized value gold_customer_statistics.
[32m2025-10-30 23:23:11 -0600[0m - dagster - [34mDEBUG[0m - __ASSET_JOB - 8bb5c488-f946-4e42-b0ab-0699d2f9f93d - 83428 - koltin - STEP_OUTPUT - Yielded output "gold_medical_consultation_diagnoses" of type "Nothing". (Type check passed).
[32m2025-10-30 23:23:11 -0600[0m - dagster - [34mDEBUG[0m - __ASSET_JOB - 8bb5c488-f946-4e42-b0ab-0699d2f9f93d - 83428 - koltin - ASSET_MATERIALIZATION - Materialized value gold_medical_consultation_diagnoses.
[32m2025-10-30 23:23:11 -0600[0m - dagster - [34mDEBUG[0m - __ASSET_JOB - 8bb5c488-f946-4e42-b0ab-0699d2f9f93d - 83428 - koltin - STEP_OUTPUT - Yielded output "gold_customer_statistics_not_null_gold_customer_statistics_customer_id" of type "Any". (Type check passed).
[32m2025-10-30 23:23:11 -0600[0m - dagster - [34mDEBUG[0m - __ASSET_JOB - 8bb5c488-f946-4e42-b0ab-0699d2f9f93d - 83428 - koltin - ASSET_CHECK_EVALUATION - Asset check 'not_null_gold_customer_statistics_customer_id' on 'gold_customer_statistics' passed.
[32m2025-10-30 23:23:11 -0600[0m - dagster - [34mDEBUG[0m - __ASSET_JOB - 8bb5c488-f946-4e42-b0ab-0699d2f9f93d - 83428 - koltin - STEP_OUTPUT - Yielded output "gold_customer_statistics_unique_gold_customer_statistics_customer_id" of type "Any". (Type check passed).
[32m2025-10-30 23:23:11 -0600[0m - dagster - [34mDEBUG[0m - __ASSET_JOB - 8bb5c488-f946-4e42-b0ab-0699d2f9f93d - 83428 - koltin - ASSET_CHECK_EVALUATION - Asset check 'unique_gold_customer_statistics_customer_id' on 'gold_customer_statistics' passed.
[32m2025-10-30 23:23:11 -0600[0m - dagster - [34mDEBUG[0m - __ASSET_JOB - 8bb5c488-f946-4e42-b0ab-0699d2f9f93d - 83428 - koltin - STEP_OUTPUT - Yielded output "gold_clinical_interactions_not_null_gold_clinical_interactions_customer_id" of type "Any". (Type check passed).
[32m2025-10-30 23:23:11 -0600[0m - dagster - [34mDEBUG[0m - __ASSET_JOB - 8bb5c488-f946-4e42-b0ab-0699d2f9f93d - 83428 - koltin - ASSET_CHECK_EVALUATION - Asset check 'not_null_gold_clinical_interactions_customer_id' on 'gold_clinical_interactions' passed.
[32m2025-10-30 23:23:11 -0600[0m - dagster - [34mDEBUG[0m - __ASSET_JOB - 8bb5c488-f946-4e42-b0ab-0699d2f9f93d - 83428 - koltin - STEP_OUTPUT - Yielded output "gold_medical_consultation_diagnoses_not_null_gold_medical_consultation_diagnoses_customer_id" of type "Any". (Type check passed).
[32m2025-10-30 23:23:11 -0600[0m - dagster - [34mDEBUG[0m - __ASSET_JOB - 8bb5c488-f946-4e42-b0ab-0699d2f9f93d - 83428 - koltin - ASSET_CHECK_EVALUATION - Asset check 'not_null_gold_medical_consultation_diagnoses_customer_id' on 'gold_medical_consultation_diagnoses' passed.
[32m2025-10-30 23:23:14 -0600[0m - dagster - [34mINFO[0m - __ASSET_JOB - 8bb5c488-f946-4e42-b0ab-0699d2f9f93d - koltin - Finished dbt command: `dbt build --select fqn:*`.
[32m2025-10-30 23:23:14 -0600[0m - dagster - [34mDEBUG[0m - __ASSET_JOB - 8bb5c488-f946-4e42-b0ab-0699d2f9f93d - 83428 - koltin - STEP_SUCCESS - Finished execution of step "koltin" in 19.86s.
