Running with dbt=1.10.13
/Users/oscar/build/koltin-challenge/koltin-challenge/.venv/lib/python3.9/site-packages/snowflake/connector/vendored/urllib3/__init__.py:35: NotOpenSSLWarning: urllib3 v2 only supports OpenSSL 1.1.1+, currently the 'ssl' module is compiled with 'LibreSSL 2.8.3'. See: https://github.com/urllib3/urllib3/issues/3020
warnings.warn(
Registered adapter: snowflake=1.10.2
Found 13 models, 39 data tests, 494 macros

Concurrency: 16 threads (target='dev')

1 of 52 START sql table model analytics.bronze_customer_certificate_terms ...... [RUN]
2 of 52 START sql table model analytics.bronze_customer_certificates ........... [RUN]
3 of 52 START sql table model analytics.bronze_customer_claims ................. [RUN]
4 of 52 START sql table model analytics.bronze_medical_consultations ........... [RUN]
5 of 52 START sql table model analytics.bronze_medical_pathologies ............. [RUN]
1 of 52 OK created sql table model analytics.bronze_customer_certificate_terms . [[32mSUCCESS 1[0m in 0.98s]
6 of 52 START test not_null_bronze_customer_certificate_terms_id ............... [RUN]
7 of 52 START test unique_bronze_customer_certificate_terms_id ................. [RUN]
6 of 52 PASS not_null_bronze_customer_certificate_terms_id ..................... [[32mPASS[0m in 1.78s]
7 of 52 PASS unique_bronze_customer_certificate_terms_id ....................... [[32mPASS[0m in 1.95s]
8 of 52 START sql table model analytics.silver_customer_certificate_terms ...... [RUN]
3 of 52 OK created sql table model analytics.bronze_customer_claims ............ [[32mSUCCESS 1[0m in 3.20s]
9 of 52 START test not_null_bronze_customer_claims_claim_id .................... [RUN]
10 of 52 START test unique_bronze_customer_claims_claim_id ..................... [RUN]
2 of 52 OK created sql table model analytics.bronze_customer_certificates ...... [[32mSUCCESS 1[0m in 3.65s]
11 of 52 START test accepted_values_bronze_customer_certificates_gender__M__F .. [RUN]
12 of 52 START test not_null_bronze_customer_certificates_certificate_number ... [RUN]
13 of 52 START test not_null_bronze_customer_certificates_id ................... [RUN]
14 of 52 START test unique_bronze_customer_certificates_certificate_number ..... [RUN]
15 of 52 START test unique_bronze_customer_certificates_id ..................... [RUN]
5 of 52 OK created sql table model analytics.bronze_medical_pathologies ........ [[32mSUCCESS 1[0m in 3.71s]
16 of 52 START test not_null_bronze_medical_pathologies_code ................... [RUN]
17 of 52 START test unique_bronze_medical_pathologies_code ..................... [RUN]
4 of 52 OK created sql table model analytics.bronze_medical_consultations ...... [[32mSUCCESS 1[0m in 3.89s]
18 of 52 START test not_null_bronze_medical_consultations_id ................... [RUN]
19 of 52 START test unique_bronze_medical_consultations_id ..................... [RUN]
8 of 52 OK created sql table model analytics.silver_customer_certificate_terms . [[32mSUCCESS 1[0m in 1.00s]
20 of 52 START test not_null_silver_customer_certificate_terms_base_id ......... [RUN]
21 of 52 START test not_null_silver_customer_certificate_terms_end_date ........ [RUN]
22 of 52 START test not_null_silver_customer_certificate_terms_id .............. [RUN]
23 of 52 START test not_null_silver_customer_certificate_terms_start_date ...... [RUN]
24 of 52 START test unique_silver_customer_certificate_terms_id ................ [RUN]
14 of 52 PASS unique_bronze_customer_certificates_certificate_number ........... [[32mPASS[0m in 0.32s]
10 of 52 PASS unique_bronze_customer_claims_claim_id ........................... [[32mPASS[0m in 0.79s]
9 of 52 PASS not_null_bronze_customer_claims_claim_id .......................... [[32mPASS[0m in 0.82s]
25 of 52 START sql table model analytics.silver_customer_claims ................ [RUN]
19 of 52 PASS unique_bronze_medical_consultations_id ........................... [[32mPASS[0m in 0.24s]
16 of 52 PASS not_null_bronze_medical_pathologies_code ......................... [[32mPASS[0m in 0.44s]
23 of 52 PASS not_null_silver_customer_certificate_terms_start_date ............ [[32mPASS[0m in 0.25s]
22 of 52 PASS not_null_silver_customer_certificate_terms_id .................... [[32mPASS[0m in 0.26s]
21 of 52 PASS not_null_silver_customer_certificate_terms_end_date .............. [[32mPASS[0m in 0.26s]
24 of 52 PASS unique_silver_customer_certificate_terms_id ...................... [[32mPASS[0m in 0.28s]
20 of 52 PASS not_null_silver_customer_certificate_terms_base_id ............... [[32mPASS[0m in 0.30s]
12 of 52 PASS not_null_bronze_customer_certificates_certificate_number ......... [[32mPASS[0m in 0.72s]
15 of 52 PASS unique_bronze_customer_certificates_id ........................... [[32mPASS[0m in 0.73s]
17 of 52 PASS unique_bronze_medical_pathologies_code ........................... [[32mPASS[0m in 0.70s]
26 of 52 START sql table model analytics.silver_medical_pathologies ............ [RUN]
13 of 52 PASS not_null_bronze_customer_certificates_id ......................... [[32mPASS[0m in 0.83s]
11 of 52 PASS accepted_values_bronze_customer_certificates_gender__M__F ........ [[32mPASS[0m in 0.84s]
27 of 52 START sql table model analytics.silver_customer_certificates .......... [RUN]
18 of 52 PASS not_null_bronze_medical_consultations_id ......................... [[32mPASS[0m in 0.80s]
25 of 52 OK created sql table model analytics.silver_customer_claims ........... [[32mSUCCESS 1[0m in 0.82s]
28 of 52 START test not_null_silver_customer_claims_claim_id ................... [RUN]
29 of 52 START test unique_silver_customer_claims_claim_id ..................... [RUN]
28 of 52 PASS not_null_silver_customer_claims_claim_id ......................... [[32mPASS[0m in 0.20s]
27 of 52 OK created sql table model analytics.silver_customer_certificates ..... [[32mSUCCESS 1[0m in 0.59s]
30 of 52 START test not_null_silver_customer_certificates_base_id .............. [RUN]
31 of 52 START test not_null_silver_customer_certificates_certificate_number ... [RUN]
32 of 52 START test not_null_silver_customer_certificates_full_name ............ [RUN]
33 of 52 START test relationships_silver_customer_claims_certificate_number__certificate_number__ref_silver_customer_certificates_  [RUN]
34 of 52 START test unique_silver_customer_certificates_base_id ................ [RUN]
35 of 52 START test unique_silver_customer_certificates_certificate_number ..... [RUN]
26 of 52 OK created sql table model analytics.silver_medical_pathologies ....... [[32mSUCCESS 1[0m in 0.72s]
36 of 52 START test not_null_silver_medical_pathologies_cie10_code ............. [RUN]
37 of 52 START test not_null_silver_medical_pathologies_pathology_id ........... [RUN]
38 of 52 START test not_null_silver_medical_pathologies_pathology_name ......... [RUN]
39 of 52 START test unique_silver_medical_pathologies_pathology_id ............. [RUN]
32 of 52 PASS not_null_silver_customer_certificates_full_name .................. [[32mPASS[0m in 0.26s]
35 of 52 PASS unique_silver_customer_certificates_certificate_number ........... [[32mPASS[0m in 0.27s]
31 of 52 PASS not_null_silver_customer_certificates_certificate_number ......... [[32mPASS[0m in 0.28s]
29 of 52 PASS unique_silver_customer_claims_claim_id ........................... [[32mPASS[0m in 0.53s]
34 of 52 PASS unique_silver_customer_certificates_base_id ...................... [[32mPASS[0m in 0.28s]
36 of 52 PASS not_null_silver_medical_pathologies_cie10_code ................... [[32mPASS[0m in 0.22s]
37 of 52 PASS not_null_silver_medical_pathologies_pathology_id ................. [[32mPASS[0m in 0.22s]
38 of 52 PASS not_null_silver_medical_pathologies_pathology_name ............... [[32mPASS[0m in 0.22s]
39 of 52 PASS unique_silver_medical_pathologies_pathology_id ................... [[32mPASS[0m in 0.24s]
40 of 52 START sql table model analytics.silver_medical_consultations .......... [RUN]
30 of 52 PASS not_null_silver_customer_certificates_base_id .................... [[32mPASS[0m in 0.41s]
33 of 52 PASS relationships_silver_customer_claims_certificate_number__certificate_number__ref_silver_customer_certificates_  [[32mPASS[0m in 0.43s]
40 of 52 OK created sql table model analytics.silver_medical_consultations ..... [[32mSUCCESS 1[0m in 1.46s]
41 of 52 START test not_null_silver_medical_consultations_base_id .............. [RUN]
42 of 52 START test not_null_silver_medical_consultations_consultation_date .... [RUN]
43 of 52 START test not_null_silver_medical_consultations_id ................... [RUN]
44 of 52 START test relationships_silver_medical_consultations_base_id__base_id__ref_silver_customer_certificates_  [RUN]
45 of 52 START test unique_silver_medical_consultations_id ..................... [RUN]
43 of 52 PASS not_null_silver_medical_consultations_id ......................... [[32mPASS[0m in 0.23s]
45 of 52 PASS unique_silver_medical_consultations_id ........................... [[32mPASS[0m in 0.29s]
42 of 52 PASS not_null_silver_medical_consultations_consultation_date .......... [[32mPASS[0m in 0.33s]
41 of 52 PASS not_null_silver_medical_consultations_base_id .................... [[32mPASS[0m in 0.34s]
44 of 52 PASS relationships_silver_medical_consultations_base_id__base_id__ref_silver_customer_certificates_  [[32mPASS[0m in 0.65s]
46 of 52 START sql table model analytics.gold_clinical_interactions ............ [RUN]
47 of 52 START sql table model analytics.gold_customer_statistics .............. [RUN]
48 of 52 START sql table model analytics.gold_medical_consultation_diagnoses ... [RUN]
46 of 52 OK created sql table model analytics.gold_clinical_interactions ....... [[32mSUCCESS 1[0m in 0.75s]
47 of 52 OK created sql table model analytics.gold_customer_statistics ......... [[32mSUCCESS 1[0m in 0.75s]
49 of 52 START test not_null_gold_clinical_interactions_customer_id ............ [RUN]
50 of 52 START test not_null_gold_customer_statistics_customer_id .............. [RUN]
51 of 52 START test unique_gold_customer_statistics_customer_id ................ [RUN]
48 of 52 OK created sql table model analytics.gold_medical_consultation_diagnoses  [[32mSUCCESS 1[0m in 0.81s]
52 of 52 START test not_null_gold_medical_consultation_diagnoses_customer_id ... [RUN]
50 of 52 PASS not_null_gold_customer_statistics_customer_id .................... [[32mPASS[0m in 0.22s]
51 of 52 PASS unique_gold_customer_statistics_customer_id ...................... [[32mPASS[0m in 0.26s]
49 of 52 PASS not_null_gold_clinical_interactions_customer_id .................. [[32mPASS[0m in 0.28s]
52 of 52 PASS not_null_gold_medical_consultation_diagnoses_customer_id ......... [[32mPASS[0m in 0.28s]

Finished running 13 table models, 39 data tests in 0 hours 0 minutes and 15.00 seconds (15.00s).

[32mCompleted successfully[0m

Done. PASS=52 WARN=0 ERROR=0 SKIP=0 NO-OP=0 TOTAL=52
